c:\users\trevor hicks\desktop\neumont college\third year\fall semester 2023\gat350-rt3d\temp\x64\debug\application\vc143.pdb
c:\users\trevor hicks\desktop\neumont college\third year\fall semester 2023\gat350-rt3d\temp\x64\debug\application\vc143.idb
c:\users\trevor hicks\desktop\neumont college\third year\fall semester 2023\gat350-rt3d\temp\x64\debug\application\world01.obj
c:\users\trevor hicks\desktop\neumont college\third year\fall semester 2023\gat350-rt3d\temp\x64\debug\application\main.obj
c:\users\trevor hicks\desktop\neumont college\third year\fall semester 2023\gat350-rt3d\bin\x64\debug\application\application.exe
c:\users\trevor hicks\desktop\neumont college\third year\fall semester 2023\gat350-rt3d\temp\x64\debug\application\application.ilk
c:\users\trevor hicks\desktop\neumont college\third year\fall semester 2023\gat350-rt3d\bin\x64\debug\application\application.pdb
c:\users\trevor hicks\desktop\neumont college\third year\fall semester 2023\computer graphics\gat350_fall2023\gat350-rt3d\temp\x64\debug\application\main.obj
c:\users\trevor hicks\desktop\neumont college\third year\fall semester 2023\computer graphics\gat350_fall2023\gat350-rt3d\temp\x64\debug\application\world01.obj
c:\users\trevor hicks\desktop\neumont college\third year\fall semester 2023\computer graphics\gat350_fall2023\gat350-rt3d\temp\x64\debug\application\application.ilk
c:\users\trevor hicks\desktop\neumont college\third year\fall semester 2023\computer graphics\gat350_fall2023\gat350-rt3d\temp\x64\debug\application\vc143.idb
c:\users\trevor hicks\desktop\neumont college\third year\fall semester 2023\computer graphics\gat350_fall2023\gat350-rt3d\temp\x64\debug\application\vc143.pdb
c:\users\trevor hicks\desktop\neumont college\third year\fall semester 2023\computer graphics\gat350_fall2023\gat350-rt3d\bin\x64\debug\application\application.pdb
c:\users\trevor hicks\desktop\neumont college\third year\fall semester 2023\computer graphics\gat350_fall2023\gat350-rt3d\bin\x64\debug\application\application.exe
c:\users\trevor hicks\desktop\neumont college\third year\fall semester 2023\computer graphics\gat350_fall2023\gat350-rt3d\temp\x64\debug\application\application.vcxproj.filelistabsolute.txt
c:\users\trevor hicks\desktop\neumont college\third year\fall semester 2023\computer graphics\gat350_fall2023\gat350-rt3d\temp\x64\debug\application\application.tlog\cl.command.1.tlog
c:\users\trevor hicks\desktop\neumont college\third year\fall semester 2023\computer graphics\gat350_fall2023\gat350-rt3d\temp\x64\debug\application\application.tlog\cl.items.tlog
c:\users\trevor hicks\desktop\neumont college\third year\fall semester 2023\computer graphics\gat350_fall2023\gat350-rt3d\temp\x64\debug\application\application.tlog\cl.read.1.tlog
c:\users\trevor hicks\desktop\neumont college\third year\fall semester 2023\computer graphics\gat350_fall2023\gat350-rt3d\temp\x64\debug\application\application.tlog\cl.write.1.tlog
c:\users\trevor hicks\desktop\neumont college\third year\fall semester 2023\computer graphics\gat350_fall2023\gat350-rt3d\temp\x64\debug\application\application.tlog\link.command.1.tlog
c:\users\trevor hicks\desktop\neumont college\third year\fall semester 2023\computer graphics\gat350_fall2023\gat350-rt3d\temp\x64\debug\application\application.tlog\link.read.1.tlog
c:\users\trevor hicks\desktop\neumont college\third year\fall semester 2023\computer graphics\gat350_fall2023\gat350-rt3d\temp\x64\debug\application\application.tlog\link.write.1.tlog
