c:\users\trevor hicks\desktop\neumont college\third year\fall semester 2023\gat350-rt3d\bin\x64\debug\framework\framework.pdb
c:\users\trevor hicks\desktop\neumont college\third year\fall semester 2023\gat350-rt3d\bin\x64\debug\framework\framework.idb
c:\users\trevor hicks\desktop\neumont college\third year\fall semester 2023\gat350-rt3d\temp\x64\debug\framework\scene.obj
c:\users\trevor hicks\desktop\neumont college\third year\fall semester 2023\gat350-rt3d\temp\x64\debug\framework\object.obj
c:\users\trevor hicks\desktop\neumont college\third year\fall semester 2023\gat350-rt3d\temp\x64\debug\framework\eventmanager.obj
c:\users\trevor hicks\desktop\neumont college\third year\fall semester 2023\gat350-rt3d\temp\x64\debug\framework\engine.obj
c:\users\trevor hicks\desktop\neumont college\third year\fall semester 2023\gat350-rt3d\temp\x64\debug\framework\modelrendercomponent.obj
c:\users\trevor hicks\desktop\neumont college\third year\fall semester 2023\gat350-rt3d\temp\x64\debug\framework\enginephysicscomponent.obj
c:\users\trevor hicks\desktop\neumont college\third year\fall semester 2023\gat350-rt3d\temp\x64\debug\framework\circlecollisioncomponent.obj
c:\users\trevor hicks\desktop\neumont college\third year\fall semester 2023\gat350-rt3d\temp\x64\debug\framework\actor.obj
c:\users\trevor hicks\desktop\neumont college\third year\fall semester 2023\gat350-rt3d\bin\x64\debug\framework\framework.lib
c:\users\trevor hicks\desktop\neumont college\third year\fall semester 2023\computer graphics\gat350_fall2023\gat350-rt3d\temp\x64\debug\framework\actor.obj
c:\users\trevor hicks\desktop\neumont college\third year\fall semester 2023\computer graphics\gat350_fall2023\gat350-rt3d\temp\x64\debug\framework\circlecollisioncomponent.obj
c:\users\trevor hicks\desktop\neumont college\third year\fall semester 2023\computer graphics\gat350_fall2023\gat350-rt3d\temp\x64\debug\framework\engine.obj
c:\users\trevor hicks\desktop\neumont college\third year\fall semester 2023\computer graphics\gat350_fall2023\gat350-rt3d\temp\x64\debug\framework\enginephysicscomponent.obj
c:\users\trevor hicks\desktop\neumont college\third year\fall semester 2023\computer graphics\gat350_fall2023\gat350-rt3d\temp\x64\debug\framework\eventmanager.obj
c:\users\trevor hicks\desktop\neumont college\third year\fall semester 2023\computer graphics\gat350_fall2023\gat350-rt3d\temp\x64\debug\framework\modelrendercomponent.obj
c:\users\trevor hicks\desktop\neumont college\third year\fall semester 2023\computer graphics\gat350_fall2023\gat350-rt3d\temp\x64\debug\framework\object.obj
c:\users\trevor hicks\desktop\neumont college\third year\fall semester 2023\computer graphics\gat350_fall2023\gat350-rt3d\temp\x64\debug\framework\scene.obj
c:\users\trevor hicks\desktop\neumont college\third year\fall semester 2023\computer graphics\gat350_fall2023\gat350-rt3d\bin\x64\debug\framework\framework.pdb
c:\users\trevor hicks\desktop\neumont college\third year\fall semester 2023\computer graphics\gat350_fall2023\gat350-rt3d\bin\x64\debug\framework\framework.lib
c:\users\trevor hicks\desktop\neumont college\third year\fall semester 2023\computer graphics\gat350_fall2023\gat350-rt3d\temp\x64\debug\framework\framework.vcxproj.filelistabsolute.txt
c:\users\trevor hicks\desktop\neumont college\third year\fall semester 2023\computer graphics\gat350_fall2023\gat350-rt3d\temp\x64\debug\framework\framework.tlog\cl.command.1.tlog
c:\users\trevor hicks\desktop\neumont college\third year\fall semester 2023\computer graphics\gat350_fall2023\gat350-rt3d\temp\x64\debug\framework\framework.tlog\cl.items.tlog
c:\users\trevor hicks\desktop\neumont college\third year\fall semester 2023\computer graphics\gat350_fall2023\gat350-rt3d\temp\x64\debug\framework\framework.tlog\cl.read.1.tlog
c:\users\trevor hicks\desktop\neumont college\third year\fall semester 2023\computer graphics\gat350_fall2023\gat350-rt3d\temp\x64\debug\framework\framework.tlog\cl.write.1.tlog
c:\users\trevor hicks\desktop\neumont college\third year\fall semester 2023\computer graphics\gat350_fall2023\gat350-rt3d\temp\x64\debug\framework\framework.tlog\lib-link.read.1.tlog
c:\users\trevor hicks\desktop\neumont college\third year\fall semester 2023\computer graphics\gat350_fall2023\gat350-rt3d\temp\x64\debug\framework\framework.tlog\lib-link.write.1.tlog
c:\users\trevor hicks\desktop\neumont college\third year\fall semester 2023\computer graphics\gat350_fall2023\gat350-rt3d\temp\x64\debug\framework\framework.tlog\lib.command.1.tlog
